[getTeamMembers] tenantId: "a8369e08-2844-42db-82d0-cf9f63f0b1d8" | isImpersonating: false | impersonateTenantId: "undefined"
[getTeamMembers] Profiles count: 1 | Error: null
Profiles: [{"id":"67a2b2b1-2422-4be0-85d7-8ada17caed90","email":"iridium_cop3@hotmail.com","full_name":"Sabrina Bernabe","role":"admin","status":"active","created_at":"2026-05-21T20:16:57.78263+00:00","avatar_url":null,"receive_email_appointments":true,"receive_agenda_reminders":true,"tenant_id":"a8369e08-2844-42db-82d0-cf9f63f0b1d8"}]
[getTeamMembers] tenantId: "a8369e08-2844-42db-82d0-cf9f63f0b1d8" | isImpersonating: false | impersonateTenantId: "undefined"
[getTeamMembers] Profiles count: 1 | Error: null
Profiles: [{"id":"67a2b2b1-2422-4be0-85d7-8ada17caed90","email":"iridium_cop3@hotmail.com","full_name":"Sabrina Bernabe","role":"admin","status":"active","created_at":"2026-05-21T20:16:57.78263+00:00","avatar_url":null,"receive_email_appointments":true,"receive_agenda_reminders":true,"tenant_id":"a8369e08-2844-42db-82d0-cf9f63f0b1d8"}]
[getTeamMembers] tenantId: "a8369e08-2844-42db-82d0-cf9f63f0b1d8" | isImpersonating: false | impersonateTenantId: "undefined"
[getTeamMembers] Profiles count: 1 | Error: null
Profiles: [{"id":"67a2b2b1-2422-4be0-85d7-8ada17caed90","email":"iridium_cop3@hotmail.com","full_name":"Juan B","role":"admin","status":"active","created_at":"2026-05-21T20:16:57.78263+00:00","avatar_url":null,"receive_email_appointments":true,"receive_agenda_reminders":true,"tenant_id":"a8369e08-2844-42db-82d0-cf9f63f0b1d8"}]
[getTeamMembers] tenantId: "a8369e08-2844-42db-82d0-cf9f63f0b1d8" | isImpersonating: false | impersonateTenantId: "undefined"
[getTeamMembers] Profiles count: 2 | Error: null
Profiles: [{"id":"dcb5337c-fdb2-41e6-b7e8-158f8c172358","email":"bernabe.sabrina@laposte.net","full_name":"Sabrina Bernabe","role":"Administrador","status":"Pendiente","created_at":"2026-06-20T13:51:35.503071+00:00","avatar_url":null,"receive_email_appointments":true,"receive_agenda_reminders":true,"tenant_id":"a8369e08-2844-42db-82d0-cf9f63f0b1d8"},{"id":"67a2b2b1-2422-4be0-85d7-8ada17caed90","email":"iridium_cop3@hotmail.com","full_name":"Juan B","role":"admin","status":"active","created_at":"2026-05-21T20:16:57.78263+00:00","avatar_url":null,"receive_email_appointments":true,"receive_agenda_reminders":true,"tenant_id":"a8369e08-2844-42db-82d0-cf9f63f0b1d8"}]
[getTeamMembers] tenantId: "a8369e08-2844-42db-82d0-cf9f63f0b1d8" | isImpersonating: false | impersonateTenantId: "undefined"
[getTeamMembers] Profiles count: 2 | Error: null
Profiles: [{"id":"dcb5337c-fdb2-41e6-b7e8-158f8c172358","email":"bernabe.sabrina@laposte.net","full_name":"Sabrina Bernabe","role":"Administrador","status":"Pendiente","created_at":"2026-06-20T13:51:35.503071+00:00","avatar_url":null,"receive_email_appointments":true,"receive_agenda_reminders":true,"tenant_id":"a8369e08-2844-42db-82d0-cf9f63f0b1d8"},{"id":"67a2b2b1-2422-4be0-85d7-8ada17caed90","email":"iridium_cop3@hotmail.com","full_name":"Juan B","role":"admin","status":"active","created_at":"2026-05-21T20:16:57.78263+00:00","avatar_url":null,"receive_email_appointments":true,"receive_agenda_reminders":true,"tenant_id":"a8369e08-2844-42db-82d0-cf9f63f0b1d8"}]
[getTeamMembers] tenantId: "a8369e08-2844-42db-82d0-cf9f63f0b1d8" | isImpersonating: false | impersonateTenantId: "undefined"
[getTeamMembers] Profiles count: 1 | Error: null
Profiles: [{"id":"67a2b2b1-2422-4be0-85d7-8ada17caed90","email":"iridium_cop3@hotmail.com","full_name":"Juan B","role":"admin","status":"active","created_at":"2026-05-21T20:16:57.78263+00:00","avatar_url":null,"receive_email_appointments":true,"receive_agenda_reminders":true,"tenant_id":"a8369e08-2844-42db-82d0-cf9f63f0b1d8"}]
[getTeamMembers] tenantId: "a8369e08-2844-42db-82d0-cf9f63f0b1d8" | isImpersonating: false | impersonateTenantId: "undefined"
[getTeamMembers] Profiles count: 1 | Error: null
Profiles: [{"id":"67a2b2b1-2422-4be0-85d7-8ada17caed90","email":"iridium_cop3@hotmail.com","full_name":"Juan B","role":"admin","status":"active","created_at":"2026-05-21T20:16:57.78263+00:00","avatar_url":null,"receive_email_appointments":true,"receive_agenda_reminders":true,"tenant_id":"a8369e08-2844-42db-82d0-cf9f63f0b1d8"}]
[getTeamMembers] tenantId: "a8369e08-2844-42db-82d0-cf9f63f0b1d8" | isImpersonating: false | impersonateTenantId: "undefined"
[getTeamMembers] Profiles count: 2 | Error: null
Profiles: [{"id":"be019ba0-cdbb-4c48-9b5f-eadf977da0c6","email":"bernabe.sabrina@laposte.net","full_name":"Sabrina Bernabe","role":"Administrador","status":"Pendiente","created_at":"2026-06-20T14:36:34.784863+00:00","avatar_url":null,"receive_email_appointments":true,"receive_agenda_reminders":true,"tenant_id":"a8369e08-2844-42db-82d0-cf9f63f0b1d8"},{"id":"67a2b2b1-2422-4be0-85d7-8ada17caed90","email":"iridium_cop3@hotmail.com","full_name":"Juan B","role":"admin","status":"active","created_at":"2026-05-21T20:16:57.78263+00:00","avatar_url":null,"receive_email_appointments":true,"receive_agenda_reminders":true,"tenant_id":"a8369e08-2844-42db-82d0-cf9f63f0b1d8"}]
[getTeamMembers] tenantId: "a8369e08-2844-42db-82d0-cf9f63f0b1d8" | isImpersonating: false | impersonateTenantId: "undefined"
[getTeamMembers] Profiles count: 2 | Error: null
Profiles: [{"id":"be019ba0-cdbb-4c48-9b5f-eadf977da0c6","email":"bernabe.sabrina@laposte.net","full_name":"Sabrina Bernabe","role":"Administrador","status":"Activo","created_at":"2026-06-20T14:36:34.784863+00:00","avatar_url":null,"receive_email_appointments":true,"receive_agenda_reminders":true,"tenant_id":"a8369e08-2844-42db-82d0-cf9f63f0b1d8"},{"id":"67a2b2b1-2422-4be0-85d7-8ada17caed90","email":"iridium_cop3@hotmail.com","full_name":"Juan B","role":"admin","status":"active","created_at":"2026-05-21T20:16:57.78263+00:00","avatar_url":null,"receive_email_appointments":true,"receive_agenda_reminders":true,"tenant_id":"a8369e08-2844-42db-82d0-cf9f63f0b1d8"}]
